<?xml version="1.0" encoding="UTF-8"?>
<!-- Generated by org.testng.reporters.JUnitXMLReporter -->
<testsuite hostname="DESKTOP-TIE71A2" failures="0" tests="4" name="Default test" time="0.046" errors="0" timestamp="27 Nov 2022 15:55:06 GMT">
  <testcase classname="javaStreams" name="regular" time="0.012"/>
  <testcase classname="javaStreams" name="streamCollect" time="0.006"/>
  <testcase classname="javaStreams" name="streamFilter" time="0.005"/>
  <testcase classname="javaStreams" name="streamMap" time="0.006"/>
</testsuite> <!-- Default test -->
