<?xml version="1.0" encoding="UTF-8"?>
<testng-results total="4" passed="4" failed="0" skipped="0">
  <reporter-output>
  </reporter-output>
  <suite started-at="2022-11-27T15:55:05Z" name="Default suite" finished-at="2022-11-27T15:55:06Z" duration-ms="46">
    <groups>
    </groups>
    <test started-at="2022-11-27T15:55:05Z" name="Default test" finished-at="2022-11-27T15:55:06Z" duration-ms="46">
      <class name="javaStreams">
        <test-method signature="regular()[pri:0, instance:javaStreams@2d778add]" started-at="2022-11-27T16:55:05Z" name="regular" finished-at="2022-11-27T16:55:05Z" duration-ms="12" status="PASS">
          <reporter-output>
          </reporter-output>
        </test-method> <!-- regular -->
        <test-method signature="streamCollect()[pri:0, instance:javaStreams@2d778add]" started-at="2022-11-27T16:55:05Z" name="streamCollect" finished-at="2022-11-27T16:55:05Z" duration-ms="6" status="PASS">
          <reporter-output>
          </reporter-output>
        </test-method> <!-- streamCollect -->
        <test-method signature="streamFilter()[pri:0, instance:javaStreams@2d778add]" started-at="2022-11-27T16:55:05Z" name="streamFilter" finished-at="2022-11-27T16:55:05Z" duration-ms="5" status="PASS">
          <reporter-output>
          </reporter-output>
        </test-method> <!-- streamFilter -->
        <test-method signature="streamMap()[pri:0, instance:javaStreams@2d778add]" started-at="2022-11-27T16:55:05Z" name="streamMap" finished-at="2022-11-27T16:55:05Z" duration-ms="6" status="PASS">
          <reporter-output>
          </reporter-output>
        </test-method> <!-- streamMap -->
      </class> <!-- javaStreams -->
    </test> <!-- Default test -->
  </suite> <!-- Default suite -->
</testng-results>
